[2025-12-12 05:51:43] AI 回复: x 等于 1.5。首先，你把等号两边的数字一起除以2，这样就得到 x 的值了。所以，\( 2 \div 2 = 1 \)，然后 \( 3 \div 2 = 1.5 \)。
[2025-12-12 05:58:24] AI 回复: 首先，我们有一个等式 2x = 3，我们要解出 x。

**步骤1:** 我们知道两边同时除以2，这样就可以得到 x 的值了。
   \[ x = \frac{3}{2} \]

所以，\( X = \frac{3}{2} \) 或者说是 1.5。

答案：X = 1.5
[2025-12-12 06:02:51] AI 回复: 首先，我们解这个简单的方程。方程是 2x = 3。

步骤1: 将两边同时除以2，得到：
   x = 3 ÷ 2

步骤2: 计算结果：
   x = 1.5

所以，x 的值是 1.5。
[2025-12-12 06:31:05] AI 回复: 李白是唐代著名的诗人，他的作品非常丰富，很多名篇流传至今。你可以查一查《全唐诗》或者网上找一些精选的李白诗歌来读一读。

如果你需要具体的一首或几首，可以提供一下具体的诗题或者是你喜欢的诗句内容。这样我可以帮助你更好地了解和学习。
[2025-12-13 09:18:11] AI 回复: 5加上6等于11。很高兴你能记得这个简单的加法题！如果还有其他数学问题或者需要进一步的帮助，请随时告诉我。
[2025-12-13 17:02:44] AI 回复: 好的，下次再来找我吧！如果在学习或者其他方面有什么疑问，欢迎随时提问。加油哦！
[2025-12-13 17:36:13] AI 回复: 不知道。
[2025-12-13 17:40:02] AI 回复: 你已经得到了答案！x等于1.5。
[2025-12-13 17:40:18] AI 回复: 好的，我们一起来看看具体的解题步骤吧！你可以把你遇到的题目给我看一眼吗？这样我可以帮你一步一步地讲解。
[2025-12-13 17:47:11] AI 回复: 现在我们来解释一下如何解这个方程。首先，我们要把x所在的项放在等式的一边，其他的数移到另一边。这一步可以得到2x=3变成2x-0=3-0。接下来，我们可以把这个等于号左边的2x看作一个整体，然后用等式的两边同时除以2来求解x。这样就可以得到x=1.5了。

现在你已经学会了如何解这样的方程了吗？如果有其他类似的题目，你可以试着自己解决一下看看。记得检查你的答案是否正确哦！
[2025-12-13 17:51:16] AI 回复: 在数学中，我们先学的是加减乘除的基本运算，然后会学到分数、小数等更复杂的概念。如果你对小学英语感兴趣的话，我们可以一起学习一些简单的英文对话，比如问候语、天气和动物的表达方式。这样既能提高你的听说能力，也能让你更好地理解生活中的一些基本语言点。你愿意尝试一下吗？
[2025-12-13 17:51:42] AI 回复: 好的，我们从最基本的问候开始吧！“你好”怎么说？在英语中是"Hi". 你可以试试说这句话。
[2025-12-13 17:52:10] AI 回复: 常见的英语问候语有很多，如：
- "Hello" - 感叹号+E（你好）
- "Hi" (同上)
- "Hey" (嘿！）
- "What's up?" (有什么新鲜事？） 
- "How are you doing today?" (今天怎么样？）
- "Good morning!" (早上好！）
- "Good afternoon!" (下午好！）

你可以和朋友、家人或老师用这些问候语打招呼，看能不能掌握它们。希望你能在学习中找到乐趣，也期待你在数学和其他科目上的进步！
[2025-12-13 18:02:51] AI 回复: 很高兴听到你对英语对话的尝试。关于好词好句，可以这样来帮助你：

1. **简单词汇** - 用简单的词汇去描述事物或表达想法，可以让你的语言更加地道。
2. **丰富词汇** - 大量使用不同的形容词和动词可以使你的句子更有表现力。
3. **对话练习** - 像我们刚才学习的问候语一样，在日常生活中多与人交流，通过实际应用来提高语言能力。

你可以开始尝试用你学到的这些简单词汇来描述你在数学课上遇到的问题或解决方法。记住，学习任何新技能都需要时间和实践，所以别灰心，慢慢来！
[2025-12-13 18:04:54] AI 回复: 很高兴听到你喜欢英语对话！关于好词好句，我们还可以继续深入到小学语文的学习中。

1. **简单词汇** - 用简单的词汇去描述事物或表达想法，可以让你的语言更加地道。
2. **丰富词汇** - 大量使用不同的形容词和动词可以使你的句子更有表现力。
3. **对话练习** - 像我们刚才学习的问候语一样，在日常生活中多与人交流，通过实际应用来提高语言能力。

你可以开始尝试用你学到的这些简单词汇来描述你在数学课上遇到的问题或解决方法。记住，学习任何新技能都需要时间和实践，所以别灰心，慢慢来！
[2025-12-13 18:05:46] AI 回复: 很高兴看到你对英语和中文的兴趣都那么浓厚。接下来，我将帮助你更好地掌握小学阶段的词汇和句子表达方式。

### 英语词汇：
1. **Hello** - 感叹号+E（你好）
2. **Hi** (同上)
3. **Hey** (嘿！）
4. **What's up?** (有什么新鲜事？）
5. **How are you doing today?** (今天怎么样？）
6. **Good morning!** (早上好！）
7. **Good afternoon!** (下午好！）

### 中文词汇：
1. **你好** - 感叹号+E（你好）
2. **Hi** (同上)
3. **嘿！**（Hey！）
4. **有什么新鲜事？** (What's up?)
5. **今天怎么样？** (How are you doing today?)
6. **早上好！** (Good morning!)
7. **下午好！** (Good afternoon!)

### 好句：
- 小学生可以用这些简单的词汇和句子来描述他们在学校和生活中遇到的事情。例如，如果你在数学课上遇到了困难，你可以用“今天我遇到了一个难题”这样的句子表达你的感受。

希望这对你有所帮助！如果还有其他问题或需要更多的练习，请随时告诉我。加油哦！
[2025-12-13 19:10:28] 请求失败: HTTPConnectionPool(host='localhost', port=11434): Read timed out. (read timeout=30)
[2025-12-13 19:14:04] AI 回复: 老师：你好！这里可以解一个小学数学问题。现在我们有方程2x=3，想要找出x的值。首先，我们需要将等号两边都除以2，因为目标是寻找x的实数值。这样操作后得到：

x = 3/2

所以，x的值就是1.5或三分之一。让我们来检查我们的结果：如果我们将1.5代入方程中，两边都除以2后，有：

(2 * 1.5) / 2 = 3 / 2 = 1.5

这表明我们的x值是正确的。不要害急，让你练习一下更多的问题。
